<?xml version="1.0" encoding="UTF-8"?>
<!-- Generated by org.testng.reporters.JUnitXMLReporter -->
<testsuite ignored="1" hostname="Mayura-Kale" failures="0" tests="14" name="Test" time="19.109" errors="0" timestamp="2023-07-21T15:49:17 IST">
  <testcase classname="testcases.HomePageTest" name="openHomePageValidation" time="13.083"/>
  <testcase classname="testcases.HomePageTest" name="scrollPageValidation" time="0.11"/>
  <testcase classname="testcases.HomePageTest" name="contactLinkValidation" time="1.95"/>
  <testcase classname="testcases.HomePageTest" name="contactLinkTextValidation" time="0.102"/>
  <testcase classname="testcases.LetsGetStartedPageTest" name="openHomePageValidation" time="1.645"/>
  <testcase classname="testcases.LetsGetStartedPageTest" name="headLineValidation" time="0.158"/>
  <testcase classname="testcases.LetsGetStartedPageTest" name="subHeadLineValidation" time="0.083"/>
  <testcase classname="testcases.LetsGetStartedPageTest" name="enterCompanyNameValidation" time="0.295"/>
  <testcase classname="testcases.LetsGetStartedPageTest" name="enterNameValidation" time="0.188"/>
  <testcase classname="testcases.LetsGetStartedPageTest" name="enterEmailValidation" time="0.202"/>
  <testcase classname="testcases.LetsGetStartedPageTest" name="selectDiscussionValidation" time="0.447"/>
  <testcase classname="testcases.LetsGetStartedPageTest" name="somethingElseLabelValidation" time="0.048"/>
  <testcase classname="testcases.LetsGetStartedPageTest" name="textboxSomethingElseValidation" time="0.444"/>
  <testcase classname="testcases.LetsGetStartedPageTest" name="submitButtonValidation" time="0.077"/>
  <testcase classname="testcases.BaseTests" name="@BeforeSuite beforeSuite" time="0.0">
    <ignored/>
  </testcase> <!-- @BeforeSuite beforeSuite -->
</testsuite> <!-- Test -->
